version: (200506)

available memory: 64M bytes
used memory: 6M bytes [need 6M bytes if disable swap]

used block: 277 [memory(277) file(0)]
                 [ 8K(195) 16K(24) 64K(58) { total 6M bytes } ]
overhead: (36212) bytes for (277) blocks [Average: (130) bytes/block]

write  => 0(times) 0K(bytes) [0K bytes to file]
read   => 58(times) 1M(bytes) [492K bytes compressed data from file]
access => 518357(times) 4818M(bytes)
          [hit ratio: 99.9888%]

time: write(0) read(0.001)  unit: second

swap file directory: (/home/ICer/_00_myuse/_01_uvm_code/uvm-1.2/examples/simple/hello_world/verdiLog)
used swap file number: (62)



swap file manager:
arrSize: (256)
idxCnt: (63)
closeHead: (55)
closeTail: (62)
openCnt: (10)
fid(62): fd(1073741824) fileName(/home/ICer/_00_myuse/_01_uvm_code/uvm-1.2/examples/simple/hello_world/simv.daidir/kdb.elab++/work.lib++/uvm_vreg_field.svh#inc__uvm_pkg__127#.tdc)
	size(39477) lastModTime(1744297082) curModTime(1744297082)
	mode(rb)	hot(0) cool(61) pos(0)
fid(61): fd(1073741832) fileName(/home/ICer/_00_myuse/_01_uvm_code/uvm-1.2/examples/simple/hello_world/simv.daidir/kdb.elab++/work.lib++/uvm_tlm_req_rsp.svh#inc__uvm_pkg__82#.tdc)
	size(11833) lastModTime(1744297082) curModTime(1744297082)
	mode(rb)	hot(62) cool(60) pos(0)
fid(60): fd(1073741831) fileName(/home/ICer/_00_myuse/_01_uvm_code/uvm-1.2/examples/simple/hello_world/simv.daidir/kdb.elab++/work.lib++/uvm_tlm2_generic_payload.svh#inc__uvm_pkg__112#.tdc)
	size(45951) lastModTime(1744297082) curModTime(1744297082)
	mode(rb)	hot(61) cool(59) pos(0)
fid(59): fd(1073741830) fileName(/home/ICer/_00_myuse/_01_uvm_code/uvm-1.2/examples/simple/hello_world/simv.daidir/kdb.elab++/work.lib++/uvm_tlm_fifos.svh#inc__uvm_pkg__81#.tdc)
	size(8363) lastModTime(1744297082) curModTime(1744297082)
	mode(rb)	hot(60) cool(2) pos(0)
fid(58): fd(1073741828) fileName(/home/ICer/_00_myuse/_01_uvm_code/uvm-1.2/examples/simple/hello_world/simv.daidir/kdb.elab++/work.lib++/uvm_tr_stream.svh#inc__uvm_pkg__39#.tdc)
	size(22684) lastModTime(1744297082) curModTime(1744297082)
	mode(rb)	hot(2) cool(57) pos(0)
fid(57): fd(1073741827) fileName(/home/ICer/_00_myuse/_01_uvm_code/uvm-1.2/examples/simple/hello_world/simv.daidir/kdb.elab++/work.lib++/uvm_recorder.svh#inc__uvm_pkg__40#.tdc)
	size(38786) lastModTime(1744297082) curModTime(1744297082)
	mode(rb)	hot(58) cool(37) pos(0)
fid(56): fd(1073741825) fileName(/home/ICer/_00_myuse/_01_uvm_code/uvm-1.2/examples/simple/hello_world/simv.daidir/kdb.elab++/work.lib++/uvm_test.svh#inc__uvm_pkg__97#.tdc)
	size(3685) lastModTime(1744297082) curModTime(1744297082)
	mode(rb)	hot(37) cool(55) pos(0)
fid(55): fd(1073741833) fileName(/home/ICer/_00_myuse/_01_uvm_code/uvm-1.2/examples/simple/hello_world/simv.daidir/kdb.elab++/work.lib++/uvm_sequencer.svh#inc__uvm_pkg__103#.tdc)
	size(12349) lastModTime(1744297082) curModTime(1744297082)
	mode(rb)	hot(56) cool(54) pos(0)
fid(54): fd(0) fileName(/home/ICer/_00_myuse/_01_uvm_code/uvm-1.2/examples/simple/hello_world/simv.daidir/kdb.elab++/work.lib++/uvm_sequence_library.svh#inc__uvm_pkg__107#.tdc)
	size(34867) lastModTime(1744297082) curModTime(1744297082)
	mode(rb)	hot(55) cool(53) pos(34867)
fid(53): fd(0) fileName(/home/ICer/_00_myuse/_01_uvm_code/uvm-1.2/examples/simple/hello_world/simv.daidir/kdb.elab++/work.lib++/uvm_sequence_item.svh#inc__uvm_pkg__99#.tdc)
	size(17750) lastModTime(1744297082) curModTime(1744297082)
	mode(rb)	hot(54) cool(52) pos(17750)
fid(52): fd(0) fileName(/home/ICer/_00_myuse/_01_uvm_code/uvm-1.2/examples/simple/hello_world/simv.daidir/kdb.elab++/work.lib++/uvm_scoreboard.svh#inc__uvm_pkg__94#.tdc)
	size(2620) lastModTime(1744297082) curModTime(1744297082)
	mode(rb)	hot(53) cool(51) pos(2620)
fid(51): fd(0) fileName(/home/ICer/_00_myuse/_01_uvm_code/uvm-1.2/examples/simple/hello_world/simv.daidir/kdb.elab++/work.lib++/uvm_root.svh#inc__uvm_pkg__60#.tdc)
	size(41893) lastModTime(1744297082) curModTime(1744297082)
	mode(rb)	hot(52) cool(50) pos(41893)
fid(50): fd(0) fileName(/home/ICer/_00_myuse/_01_uvm_code/uvm-1.2/examples/simple/hello_world/simv.daidir/kdb.elab++/work.lib++/uvm_report_message.svh#inc__uvm_pkg__46#.tdc)
	size(30947) lastModTime(1744297082) curModTime(1744297082)
	mode(rb)	hot(51) cool(49) pos(30947)
fid(49): fd(0) fileName(/home/ICer/_00_myuse/_01_uvm_code/uvm-1.2/examples/simple/hello_world/simv.daidir/kdb.elab++/work.lib++/uvm_report_handler.svh#inc__uvm_pkg__49#.tdc)
	size(30292) lastModTime(1744297082) curModTime(1744297082)
	mode(rb)	hot(50) cool(48) pos(30292)
fid(48): fd(0) fileName(/home/ICer/_00_myuse/_01_uvm_code/uvm-1.2/examples/simple/hello_world/simv.daidir/kdb.elab++/work.lib++/uvm_reg_adapter.svh#inc__uvm_pkg__121#.tdc)
	size(11579) lastModTime(1744297082) curModTime(1744297082)
	mode(rb)	hot(49) cool(47) pos(11579)
fid(47): fd(0) fileName(/home/ICer/_00_myuse/_01_uvm_code/uvm-1.2/examples/simple/hello_world/simv.daidir/kdb.elab++/work.lib++/uvm_reg_cbs.svh#inc__uvm_pkg__124#.tdc)
	size(18727) lastModTime(1744297082) curModTime(1744297082)
	mode(rb)	hot(48) cool(46) pos(18727)
fid(46): fd(0) fileName(/home/ICer/_00_myuse/_01_uvm_code/uvm-1.2/examples/simple/hello_world/simv.daidir/kdb.elab++/work.lib++/uvm_reg_predictor.svh#inc__uvm_pkg__122#.tdc)
	size(13150) lastModTime(1744297082) curModTime(1744297082)
	mode(rb)	hot(47) cool(45) pos(13150)
fid(45): fd(0) fileName(/home/ICer/_00_myuse/_01_uvm_code/uvm-1.2/examples/simple/hello_world/simv.daidir/kdb.elab++/work.lib++/uvm_reg_map.svh#inc__uvm_pkg__135#.tdc)
	size(87401) lastModTime(1744297083) curModTime(1744297083)
	mode(rb)	hot(46) cool(44) pos(87401)
fid(44): fd(0) fileName(/home/ICer/_00_myuse/_01_uvm_code/uvm-1.2/examples/simple/hello_world/simv.daidir/kdb.elab++/work.lib++/uvm_reg_item.svh#inc__uvm_pkg__120#.tdc)
	size(12950) lastModTime(1744297082) curModTime(1744297082)
	mode(rb)	hot(45) cool(43) pos(12950)
fid(43): fd(0) fileName(/home/ICer/_00_myuse/_01_uvm_code/uvm-1.2/examples/simple/hello_world/simv.daidir/kdb.elab++/work.lib++/uvm_reg_field.svh#inc__uvm_pkg__126#.tdc)
	size(74303) lastModTime(1744297082) curModTime(1744297082)
	mode(rb)	hot(44) cool(42) pos(74303)
fid(42): fd(0) fileName(/home/ICer/_00_myuse/_01_uvm_code/uvm-1.2/examples/simple/hello_world/simv.daidir/kdb.elab++/work.lib++/uvm_reg_backdoor.svh#inc__uvm_pkg__125#.tdc)
	size(14652) lastModTime(1744297082) curModTime(1744297082)
	mode(rb)	hot(43) cool(41) pos(14652)
fid(41): fd(0) fileName(/home/ICer/_00_myuse/_01_uvm_code/uvm-1.2/examples/simple/hello_world/simv.daidir/kdb.elab++/work.lib++/uvm_random_stimulus.svh#inc__uvm_pkg__89#.tdc)
	size(6032) lastModTime(1744297082) curModTime(1744297082)
	mode(rb)	hot(42) cool(40) pos(6032)
fid(40): fd(0) fileName(/home/ICer/_00_myuse/_01_uvm_code/uvm-1.2/examples/simple/hello_world/simv.daidir/kdb.elab++/work.lib++/uvm_push_driver.svh#inc__uvm_pkg__93#.tdc)
	size(4361) lastModTime(1744297082) curModTime(1744297082)
	mode(rb)	hot(41) cool(39) pos(4361)
fid(39): fd(0) fileName(/home/ICer/_00_myuse/_01_uvm_code/uvm-1.2/examples/simple/hello_world/simv.daidir/kdb.elab++/work.lib++/uvm_port_base.svh#inc__uvm_pkg__74#.tdc)
	size(28756) lastModTime(1744297082) curModTime(1744297082)
	mode(rb)	hot(40) cool(38) pos(28756)
fid(38): fd(0) fileName(/home/ICer/_00_myuse/_01_uvm_code/uvm-1.2/examples/simple/hello_world/simv.daidir/kdb.elab++/work.lib++/uvm_phase.svh#inc__uvm_pkg__52#.tdc)
	size(96852) lastModTime(1744297082) curModTime(1744297082)
	mode(rb)	hot(39) cool(36) pos(96852)
fid(37): fd(1073741826) fileName(/home/ICer/_00_myuse/_01_uvm_code/uvm-1.2/examples/simple/hello_world/simv.daidir/kdb.elab++/work.lib++/uvm_objection.svh#inc__uvm_pkg__61#.tdc)
	size(57759) lastModTime(1744297082) curModTime(1744297082)
	mode(rb)	hot(57) cool(56) pos(57759)
fid(36): fd(0) fileName(/home/ICer/_00_myuse/_01_uvm_code/uvm-1.2/examples/simple/hello_world/simv.daidir/kdb.elab++/work.lib++/uvm_pool.svh#inc__uvm_pkg__25#.tdc)
	size(10933) lastModTime(1744297082) curModTime(1744297082)
	mode(rb)	hot(38) cool(35) pos(10933)
fid(35): fd(0) fileName(/home/ICer/_00_myuse/_01_uvm_code/uvm-1.2/examples/simple/hello_world/simv.daidir/kdb.elab++/work.lib++/uvm_monitor.svh#inc__uvm_pkg__91#.tdc)
	size(2534) lastModTime(1744297082) curModTime(1744297082)
	mode(rb)	hot(36) cool(34) pos(2534)
fid(34): fd(0) fileName(/home/ICer/_00_myuse/_01_uvm_code/uvm-1.2/examples/simple/hello_world/simv.daidir/kdb.elab++/work.lib++/uvm_in_order_comparator.svh#inc__uvm_pkg__87#.tdc)
	size(9990) lastModTime(1744297082) curModTime(1744297082)
	mode(rb)	hot(35) cool(33) pos(9990)
fid(33): fd(0) fileName(/home/ICer/_00_myuse/_01_uvm_code/uvm-1.2/examples/simple/hello_world/simv.daidir/kdb.elab++/work.lib++/uvm_sequence_builtin.svh#inc__uvm_pkg__108#.tdc)
	size(12335) lastModTime(1744297082) curModTime(1744297082)
	mode(rb)	hot(34) cool(32) pos(12335)
fid(32): fd(0) fileName(/home/ICer/_00_myuse/_01_uvm_code/uvm-1.2/examples/simple/hello_world/simv.daidir/kdb.elab++/work.lib++/uvm_event.svh#inc__uvm_pkg__42#.tdc)
	size(12954) lastModTime(1744297082) curModTime(1744297082)
	mode(rb)	hot(33) cool(31) pos(12954)
fid(31): fd(0) fileName(/home/ICer/_00_myuse/_01_uvm_code/uvm-1.2/examples/simple/hello_world/simv.daidir/kdb.elab++/work.lib++/uvm_env.svh#inc__uvm_pkg__96#.tdc)
	size(2532) lastModTime(1744297082) curModTime(1744297082)
	mode(rb)	hot(32) cool(30) pos(2532)
fid(30): fd(0) fileName(/home/ICer/_00_myuse/_01_uvm_code/uvm-1.2/examples/simple/hello_world/simv.daidir/kdb.elab++/work.lib++/uvm_driver.svh#inc__uvm_pkg__92#.tdc)
	size(3832) lastModTime(1744297082) curModTime(1744297082)
	mode(rb)	hot(31) cool(29) pos(3832)
fid(29): fd(0) fileName(/home/ICer/_00_myuse/_01_uvm_code/uvm-1.2/examples/simple/hello_world/simv.daidir/kdb.elab++/work.lib++/uvm_report_server.svh#inc__uvm_pkg__48#.tdc)
	size(32668) lastModTime(1744297082) curModTime(1744297082)
	mode(rb)	hot(30) cool(28) pos(32668)
fid(28): fd(0) fileName(/home/ICer/_00_myuse/_01_uvm_code/uvm-1.2/examples/simple/hello_world/simv.daidir/kdb.elab++/work.lib++/uvm_runtime_phases.svh#inc__uvm_pkg__58#.tdc)
	size(15668) lastModTime(1744297082) curModTime(1744297082)
	mode(rb)	hot(29) cool(27) pos(15668)
fid(27): fd(0) fileName(/home/ICer/_00_myuse/_01_uvm_code/uvm-1.2/examples/simple/hello_world/simv.daidir/kdb.elab++/work.lib++/uvm_component.svh#inc__uvm_pkg__59#.tdc)
	size(125407) lastModTime(1744297082) curModTime(1744297082)
	mode(rb)	hot(28) cool(26) pos(125407)
fid(26): fd(0) fileName(/home/ICer/_00_myuse/_01_uvm_code/uvm-1.2/examples/simple/hello_world/simv.daidir/kdb.elab++/work.lib++/uvm_links.svh#inc__uvm_pkg__37#.tdc)
	size(13653) lastModTime(1744297082) curModTime(1744297082)
	mode(rb)	hot(27) cool(25) pos(13653)
fid(25): fd(0) fileName(/home/ICer/_00_myuse/_01_uvm_code/uvm-1.2/examples/simple/hello_world/simv.daidir/kdb.elab++/work.lib++/uvm_callback.svh#inc__uvm_pkg__44#.tdc)
	size(45040) lastModTime(1744297082) curModTime(1744297082)
	mode(rb)	hot(26) cool(24) pos(45040)
fid(24): fd(0) fileName(/home/ICer/_00_myuse/_01_uvm_code/uvm-1.2/examples/simple/hello_world/simv.daidir/kdb.elab++/work.lib++/uvm_pair.svh#inc__uvm_pkg__85#.tdc)
	size(9333) lastModTime(1744297082) curModTime(1744297082)
	mode(rb)	hot(25) cool(23) pos(9333)
fid(23): fd(0) fileName(/home/ICer/_00_myuse/_01_uvm_code/uvm-1.2/examples/simple/hello_world/simv.daidir/kdb.elab++/work.lib++/uvm_common_phases.svh#inc__uvm_pkg__57#.tdc)
	size(13875) lastModTime(1744297082) curModTime(1744297082)
	mode(rb)	hot(24) cool(22) pos(13875)
fid(22): fd(0) fileName(/home/ICer/_00_myuse/_01_uvm_code/uvm-1.2/examples/simple/hello_world/simv.daidir/kdb.elab++/work.lib++/uvm_barrier.svh#inc__uvm_pkg__43#.tdc)
	size(7317) lastModTime(1744297082) curModTime(1744297082)
	mode(rb)	hot(23) cool(21) pos(7317)
fid(21): fd(0) fileName(/home/ICer/_00_myuse/_01_uvm_code/uvm-1.2/examples/simple/hello_world/simv.daidir/kdb.elab++/work.lib++/uvm_algorithmic_comparator.svh#inc__uvm_pkg__88#.tdc)
	size(6052) lastModTime(1744297082) curModTime(1744297082)
	mode(rb)	hot(22) cool(20) pos(6052)
fid(20): fd(0) fileName(/home/ICer/_00_myuse/_01_uvm_code/uvm-1.2/examples/simple/hello_world/simv.daidir/kdb.elab++/work.lib++/uvm_agent.svh#inc__uvm_pkg__95#.tdc)
	size(6102) lastModTime(1744297082) curModTime(1744297082)
	mode(rb)	hot(21) cool(19) pos(6102)
fid(19): fd(0) fileName(/home/ICer/_00_myuse/_01_uvm_code/uvm-1.2/examples/simple/hello_world/simv.daidir/kdb.elab++/work.lib++/top.sv#inc__hello_world__149#.tdc)
	size(3015) lastModTime(1744297083) curModTime(1744297083)
	mode(rb)	hot(20) cool(18) pos(3015)
fid(18): fd(0) fileName(/home/ICer/_00_myuse/_01_uvm_code/uvm-1.2/examples/simple/hello_world/simv.daidir/kdb.elab++/work.lib++/producer.sv#inc__hello_world__147#.tdc)
	size(14057) lastModTime(1744297083) curModTime(1744297083)
	mode(rb)	hot(19) cool(17) pos(14057)
fid(17): fd(0) fileName(/home/ICer/_00_myuse/_01_uvm_code/uvm-1.2/examples/simple/hello_world/simv.daidir/kdb.elab++/work.lib++/packet.sv#inc__hello_world__146#.tdc)
	size(6574) lastModTime(1744297083) curModTime(1744297083)
	mode(rb)	hot(18) cool(16) pos(6574)
fid(16): fd(0) fileName(/home/ICer/_00_myuse/_01_uvm_code/uvm-1.2/examples/simple/hello_world/simv.daidir/kdb.elab++/work.lib++/consumer.sv#inc__hello_world__148#.tdc)
	size(7824) lastModTime(1744297083) curModTime(1744297083)
	mode(rb)	hot(17) cool(15) pos(7824)
fid(15): fd(0) fileName(/home/ICer/_00_myuse/_01_uvm_code/uvm-1.2/examples/simple/hello_world/simv.daidir/kdb.elab++/work.lib++/uvm_tr_database.svh#inc__uvm_pkg__38#.tdc)
	size(18041) lastModTime(1744297082) curModTime(1744297082)
	mode(rb)	hot(16) cool(10) pos(18041)
fid(14): fd(0) fileName(/home/ICer/_00_myuse/_01_uvm_code/uvm-1.2/examples/simple/hello_world/simv.daidir/kdb.elab++/work.lib++/uvm_object.svh#inc__uvm_pkg__24#.tdc)
	size(42966) lastModTime(1744297082) curModTime(1744297082)
	mode(rb)	hot(10) cool(13) pos(42966)
fid(13): fd(0) fileName(/home/ICer/_00_myuse/_01_uvm_code/uvm-1.2/examples/simple/hello_world/simv.daidir/kdb.elab++/work.lib++/uvm_queue.svh#inc__uvm_pkg__26#.tdc)
	size(6822) lastModTime(1744297082) curModTime(1744297082)
	mode(rb)	hot(14) cool(4) pos(6822)
fid(12): fd(0) fileName(/home/ICer/_00_myuse/_01_uvm_code/uvm-1.2/examples/simple/hello_world/simv.daidir/kdb.elab++/work.lib++/uvm_reg_model.svh#inc__uvm_pkg__119#.tdc)
	size(13850) lastModTime(1744297083) curModTime(1744297083)
	mode(rb)	hot(0) cool(0) pos(0)
fid(11): fd(0) fileName(/home/ICer/_00_myuse/_01_uvm_code/uvm-1.2/examples/simple/hello_world/simv.daidir/kdb.elab++/work.lib++/uvm_globals.svh#inc__uvm_pkg__63#.tdc)
	size(20278) lastModTime(1744297082) curModTime(1744297082)
	mode(rb)	hot(0) cool(0) pos(0)
fid(10): fd(0) fileName(/home/ICer/_00_myuse/_01_uvm_code/uvm-1.2/examples/simple/hello_world/simv.daidir/kdb.elab++/work.lib++/uvm_misc.svh#inc__uvm_pkg__23#.tdc)
	size(28985) lastModTime(1744297082) curModTime(1744297082)
	mode(rb)	hot(15) cool(14) pos(28985)
fid(9): fd(0) fileName(/home/ICer/_00_myuse/_01_uvm_code/uvm-1.2/examples/simple/hello_world/simv.daidir/kdb.elab++/work.lib++/uvm_object_globals.svh#inc__uvm_pkg__22#.tdc)
	size(21798) lastModTime(1744297082) curModTime(1744297082)
	mode(rb)	hot(0) cool(0) pos(0)
fid(8): fd(0) fileName(/home/ICer/_00_myuse/_01_uvm_code/uvm-1.2/examples/simple/hello_world/simv.daidir/kdb.elab++/work.lib++/uvm_version.svh#inc__uvm_pkg__21#.tdc)
	size(2043) lastModTime(1744297082) curModTime(1744297082)
	mode(rb)	hot(0) cool(0) pos(0)
fid(7): fd(0) fileName(/home/ICer/_00_myuse/_01_uvm_code/uvm-1.2/examples/simple/hello_world/simv.daidir/kdb.elab++/work.lib++/uvm_regex.svh#inc__uvm_pkg__18#.tdc)
	size(3605) lastModTime(1744297082) curModTime(1744297082)
	mode(rb)	hot(0) cool(0) pos(0)
fid(6): fd(0) fileName(/home/ICer/_00_myuse/_01_uvm_code/uvm-1.2/examples/simple/hello_world/simv.daidir/kdb.elab++/work.lib++/uvm_svcmd_dpi.svh#inc__uvm_pkg__17#.tdc)
	size(2703) lastModTime(1744297082) curModTime(1744297082)
	mode(rb)	hot(0) cool(0) pos(0)
fid(5): fd(0) fileName(/home/ICer/_00_myuse/_01_uvm_code/uvm-1.2/examples/simple/hello_world/simv.daidir/kdb.elab++/work.lib++/uvm_hdl.svh#inc__uvm_pkg__16#.tdc)
	size(5760) lastModTime(1744297082) curModTime(1744297082)
	mode(rb)	hot(0) cool(0) pos(0)
fid(4): fd(0) fileName(/home/ICer/_00_myuse/_01_uvm_code/uvm-1.2/examples/simple/hello_world/simv.daidir/kdb.elab++/work.lib++/uvm_base.svh#inc__uvm_pkg__19#.tdc)
	size(4526) lastModTime(1744297082) curModTime(1744297082)
	mode(rb)	hot(13) cool(3) pos(4526)
fid(3): fd(0) fileName(/home/ICer/_00_myuse/_01_uvm_code/uvm-1.2/examples/simple/hello_world/simv.daidir/kdb.elab++/work.lib++/uvm_pkg.sv#inc___vcs_unit__1__1#.tdc)
	size(2011) lastModTime(1744297083) curModTime(1744297083)
	mode(rb)	hot(4) cool(1) pos(2011)
fid(2): fd(22) fileName(/home/ICer/_00_myuse/_01_uvm_code/uvm-1.2/examples/simple/hello_world/verdiLog/_swap_0001#8323328#36478)
	size(0) lastModTime(0) curModTime(1744297093)
	mode(r+b)	hot(59) cool(58) pos(0)
fid(1): fd(0) fileName(/home/ICer/_00_myuse/_01_uvm_code/uvm-1.2/examples/simple/hello_world/simv.daidir/kdb.elab++/work.lib++/hello_world.sv.tdc)
	size(2538) lastModTime(1744297083) curModTime(1744297083)
	mode(rb)	hot(3) cool(0) pos(2538)
fid(0): fd(0) fileName(NULL)
	mode(NULL)	hot(0) cool(0) pos(0)
==================================================
mySelf(1644dab0) pre(1643f460) next(0)
version(200506)
date(Sep 28 2018 10:09:52)
