  CREATE_STREAM @0 ns {NAME:packet_stream T: SCOPE:top.producer1 STREAM:488}
  CREATE_STREAM @0 ns {NAME:packet_stream T: SCOPE:top.producer2 STREAM:496}
    OPEN_RECORDER @10 ns {TXH:513 STREAM:488 NAME:packet TIME:10 ns TYPE="Begin_No_Parent, Link"}
  CREATE_STREAM @10 ns {NAME:main T:TVM SCOPE:top.consumer STREAM:515}
    OPEN_RECORDER @10 ns {TXH:517 STREAM:515 NAME:producer1-0 TIME:10 ns TYPE="Begin_No_Parent, Link"}
  LINK @10 ns {TXH1:517 TXH2:513 RELATION=}
      SET_ATTR @40 ns {TXH:513 NAME:addr VALUE:ca   RADIX:UVM_HEX BITS=32}
      SET_ATTR @40 ns {TXH:513 NAME:accept_time VALUE:0 ns   RADIX:UVM_TIME BITS=64}
      SET_ATTR @40 ns {TXH:513 NAME:initiator VALUE:350   RADIX:UVM_DEC BITS=32}
    CLOSE_RECORDER @40 ns {TXH:513 TIME=40 ns}
    FREE_RECORDER @40 ns {TXH:513}
      SET_ATTR @40 ns {TXH:517 NAME:addr VALUE:ca   RADIX:UVM_HEX BITS=32}
      SET_ATTR @40 ns {TXH:517 NAME:accept_time VALUE:0 ns   RADIX:UVM_TIME BITS=64}
      SET_ATTR @40 ns {TXH:517 NAME:initiator VALUE:350   RADIX:UVM_DEC BITS=32}
    CLOSE_RECORDER @40 ns {TXH:517 TIME=40 ns}
    FREE_RECORDER @40 ns {TXH:517}
    OPEN_RECORDER @50 ns {TXH:537 STREAM:496 NAME:packet TIME:50 ns TYPE="Begin_No_Parent, Link"}
    OPEN_RECORDER @50 ns {TXH:539 STREAM:515 NAME:producer2-0 TIME:50 ns TYPE="Begin_No_Parent, Link"}
  LINK @50 ns {TXH1:539 TXH2:537 RELATION=}
      SET_ATTR @80 ns {TXH:537 NAME:addr VALUE:8f   RADIX:UVM_HEX BITS=32}
      SET_ATTR @80 ns {TXH:537 NAME:accept_time VALUE:40 ns   RADIX:UVM_TIME BITS=64}
      SET_ATTR @80 ns {TXH:537 NAME:initiator VALUE:372   RADIX:UVM_DEC BITS=32}
    CLOSE_RECORDER @80 ns {TXH:537 TIME=80 ns}
    FREE_RECORDER @80 ns {TXH:537}
      SET_ATTR @80 ns {TXH:539 NAME:addr VALUE:8f   RADIX:UVM_HEX BITS=32}
      SET_ATTR @80 ns {TXH:539 NAME:accept_time VALUE:40 ns   RADIX:UVM_TIME BITS=64}
      SET_ATTR @80 ns {TXH:539 NAME:initiator VALUE:372   RADIX:UVM_DEC BITS=32}
    CLOSE_RECORDER @80 ns {TXH:539 TIME=80 ns}
    FREE_RECORDER @80 ns {TXH:539}
    OPEN_RECORDER @90 ns {TXH:545 STREAM:488 NAME:packet TIME:90 ns TYPE="Begin_No_Parent, Link"}
    OPEN_RECORDER @90 ns {TXH:547 STREAM:515 NAME:producer1-1 TIME:90 ns TYPE="Begin_No_Parent, Link"}
  LINK @90 ns {TXH1:547 TXH2:545 RELATION=}
      SET_ATTR @120 ns {TXH:545 NAME:addr VALUE:d2   RADIX:UVM_HEX BITS=32}
      SET_ATTR @120 ns {TXH:545 NAME:accept_time VALUE:80 ns   RADIX:UVM_TIME BITS=64}
      SET_ATTR @120 ns {TXH:545 NAME:initiator VALUE:350   RADIX:UVM_DEC BITS=32}
    CLOSE_RECORDER @120 ns {TXH:545 TIME=120 ns}
    FREE_RECORDER @120 ns {TXH:545}
      SET_ATTR @120 ns {TXH:547 NAME:addr VALUE:d2   RADIX:UVM_HEX BITS=32}
      SET_ATTR @120 ns {TXH:547 NAME:accept_time VALUE:80 ns   RADIX:UVM_TIME BITS=64}
      SET_ATTR @120 ns {TXH:547 NAME:initiator VALUE:350   RADIX:UVM_DEC BITS=32}
    CLOSE_RECORDER @120 ns {TXH:547 TIME=120 ns}
    FREE_RECORDER @120 ns {TXH:547}
    OPEN_RECORDER @130 ns {TXH:557 STREAM:496 NAME:packet TIME:130 ns TYPE="Begin_No_Parent, Link"}
    OPEN_RECORDER @130 ns {TXH:559 STREAM:515 NAME:producer2-1 TIME:130 ns TYPE="Begin_No_Parent, Link"}
  LINK @130 ns {TXH1:559 TXH2:557 RELATION=}
      SET_ATTR @160 ns {TXH:557 NAME:addr VALUE:e4   RADIX:UVM_HEX BITS=32}
      SET_ATTR @160 ns {TXH:557 NAME:accept_time VALUE:120 ns   RADIX:UVM_TIME BITS=64}
      SET_ATTR @160 ns {TXH:557 NAME:initiator VALUE:372   RADIX:UVM_DEC BITS=32}
    CLOSE_RECORDER @160 ns {TXH:557 TIME=160 ns}
    FREE_RECORDER @160 ns {TXH:557}
      SET_ATTR @160 ns {TXH:559 NAME:addr VALUE:e4   RADIX:UVM_HEX BITS=32}
      SET_ATTR @160 ns {TXH:559 NAME:accept_time VALUE:120 ns   RADIX:UVM_TIME BITS=64}
      SET_ATTR @160 ns {TXH:559 NAME:initiator VALUE:372   RADIX:UVM_DEC BITS=32}
    CLOSE_RECORDER @160 ns {TXH:559 TIME=160 ns}
    FREE_RECORDER @160 ns {TXH:559}
    OPEN_RECORDER @170 ns {TXH:565 STREAM:496 NAME:packet TIME:170 ns TYPE="Begin_No_Parent, Link"}
    OPEN_RECORDER @170 ns {TXH:567 STREAM:515 NAME:producer2-2 TIME:170 ns TYPE="Begin_No_Parent, Link"}
  LINK @170 ns {TXH1:567 TXH2:565 RELATION=}
      SET_ATTR @200 ns {TXH:565 NAME:addr VALUE:a7   RADIX:UVM_HEX BITS=32}
      SET_ATTR @200 ns {TXH:565 NAME:accept_time VALUE:160 ns   RADIX:UVM_TIME BITS=64}
      SET_ATTR @200 ns {TXH:565 NAME:initiator VALUE:372   RADIX:UVM_DEC BITS=32}
    CLOSE_RECORDER @200 ns {TXH:565 TIME=200 ns}
    FREE_RECORDER @200 ns {TXH:565}
      SET_ATTR @200 ns {TXH:567 NAME:addr VALUE:a7   RADIX:UVM_HEX BITS=32}
      SET_ATTR @200 ns {TXH:567 NAME:accept_time VALUE:160 ns   RADIX:UVM_TIME BITS=64}
      SET_ATTR @200 ns {TXH:567 NAME:initiator VALUE:372   RADIX:UVM_DEC BITS=32}
    CLOSE_RECORDER @200 ns {TXH:567 TIME=200 ns}
    FREE_RECORDER @200 ns {TXH:567}
    OPEN_RECORDER @210 ns {TXH:573 STREAM:496 NAME:packet TIME:210 ns TYPE="Begin_No_Parent, Link"}
    OPEN_RECORDER @210 ns {TXH:575 STREAM:515 NAME:producer2-3 TIME:210 ns TYPE="Begin_No_Parent, Link"}
  LINK @210 ns {TXH1:575 TXH2:573 RELATION=}
      SET_ATTR @240 ns {TXH:573 NAME:addr VALUE:e   RADIX:UVM_HEX BITS=32}
      SET_ATTR @240 ns {TXH:573 NAME:accept_time VALUE:200 ns   RADIX:UVM_TIME BITS=64}
      SET_ATTR @240 ns {TXH:573 NAME:initiator VALUE:372   RADIX:UVM_DEC BITS=32}
    CLOSE_RECORDER @240 ns {TXH:573 TIME=240 ns}
    FREE_RECORDER @240 ns {TXH:573}
      SET_ATTR @240 ns {TXH:575 NAME:addr VALUE:e   RADIX:UVM_HEX BITS=32}
      SET_ATTR @240 ns {TXH:575 NAME:accept_time VALUE:200 ns   RADIX:UVM_TIME BITS=64}
      SET_ATTR @240 ns {TXH:575 NAME:initiator VALUE:372   RADIX:UVM_DEC BITS=32}
    CLOSE_RECORDER @240 ns {TXH:575 TIME=240 ns}
    FREE_RECORDER @240 ns {TXH:575}
